<?xml version="1.0" encoding="UTF-8"?>
<!-- Generated by org.testng.reporters.JUnitReportReporter -->
<testsuite hostname="DESKTOP-8VOCDBD" failures="0" tests="1" name="com.sampleproject.testcases.TC01_GETRequest" time="15.597" errors="0" timestamp="13 Jul 2025 16:00:52 GMT" skipped="0">
  <testcase classname="com.sampleproject.testcases.TC01_GETRequest" name="getEmployeeDetails" time="15.597"/>
</testsuite> <!-- com.sampleproject.testcases.TC01_GETRequest -->
